<?xml version="1.0" encoding="UTF-8"?>
<!-- Generated by org.testng.reporters.JUnitReportReporter -->
<testsuite hostname="SPT-LPT-0299" failures="0" tests="1" name="com.xem.qa.base.example" time="0.015" errors="0" timestamp="14 Feb 2020 12:37:54 GMT" skipped="0">
  <testcase classname="com.xem.qa.base.example" name="set" time="0.015"/>
</testsuite> <!-- com.xem.qa.base.example -->
