<?xml version="1.0" encoding="UTF-8"?>
<!-- Generated by org.testng.reporters.JUnitReportReporter -->
<testsuite hostname="SPT-LPT-0299" failures="0" tests="1" name="com.xem.qa.pages.extentReportDemowithTestNG" time="0.012" errors="0" timestamp="23 Jan 2020 13:06:59 GMT" skipped="0">
  <testcase classname="com.xem.qa.pages.extentReportDemowithTestNG" name="test" time="0.012"/>
</testsuite> <!-- com.xem.qa.pages.extentReportDemowithTestNG -->
