<?xml version="1.0" encoding="UTF-8"?>
<!-- Generated by org.testng.reporters.JUnitReportReporter -->
<testsuite hostname="SPT-LPT-0299" failures="0" tests="1" name="com.xem.qa.testcases.LoginPageTest" time="25.742" errors="0" timestamp="17 Feb 2020 14:22:26 GMT" skipped="0">
  <testcase classname="com.xem.qa.testcases.LoginPageTest" name="loginTest" time="25.742"/>
</testsuite> <!-- com.xem.qa.testcases.LoginPageTest -->
