<?xml version="1.0" encoding="UTF-8"?>
<!-- Generated by org.testng.reporters.JUnitReportReporter -->
<testsuite hostname="SPT-LPT-0299" failures="0" tests="1" name="com.xem.qa.testcases.IngestClassAndSubclassTest" time="85.889" errors="0" timestamp="17 Feb 2020 11:09:34 GMT" skipped="0">
  <testcase classname="com.xem.qa.testcases.IngestClassAndSubclassTest" name="createNewClass" time="85.889"/>
</testsuite> <!-- com.xem.qa.testcases.IngestClassAndSubclassTest -->
