<?xml version="1.0" encoding="UTF-8"?>
<!-- Generated by org.testng.reporters.JUnitReportReporter -->
<testsuite hostname="SPT-LPT-0297" failures="0" tests="1" name="com.xem.qa.testcases.dataAttributesTest" time="46.386" errors="0" timestamp="18 Feb 2020 05:46:23 GMT" skipped="0">
  <testcase classname="com.xem.qa.testcases.dataAttributesTest" name="VerefyCreationOfNewDataAttributes" time="46.386"/>
</testsuite> <!-- com.xem.qa.testcases.dataAttributesTest -->
