<?xml version="1.0" encoding="UTF-8"?>
<!-- Generated by org.testng.reporters.JUnitReportReporter -->
<testsuite hostname="SPT-LPT-0297" failures="0" tests="1" name="com.xem.qa.testcases.LoginPageTest" time="37.684" errors="0" timestamp="14 Feb 2020 12:12:48 GMT" skipped="0">
  <testcase classname="com.xem.qa.testcases.LoginPageTest" name="loginTest" time="37.684"/>
</testsuite> <!-- com.xem.qa.testcases.LoginPageTest -->
