<?xml version="1.0" encoding="UTF-8"?>
<!-- Generated by org.testng.reporters.JUnitReportReporter -->
<testsuite hostname="SPT-LPT-0297" failures="0" tests="1" name="com.xem.qa.testcases.IngestClassAndSubclassTest" time="81.401" errors="0" timestamp="04 Feb 2020 13:38:47 GMT" skipped="0">
  <testcase classname="com.xem.qa.testcases.IngestClassAndSubclassTest" name="createNewClass" time="81.401"/>
</testsuite> <!-- com.xem.qa.testcases.IngestClassAndSubclassTest -->
