<?xml version="1.0" encoding="UTF-8"?>
<!-- Generated by org.testng.reporters.JUnitReportReporter -->
<testsuite hostname="SPT-LPT-0297" failures="0" tests="1" name="com.xem.qa.testcases.HomePageTest" time="44.806" errors="0" timestamp="12 Feb 2020 12:09:49 GMT" skipped="0">
  <testcase classname="com.xem.qa.testcases.HomePageTest" name="searchTest" time="44.806"/>
</testsuite> <!-- com.xem.qa.testcases.HomePageTest -->
