<?xml version="1.0" encoding="UTF-8"?>
<!-- Generated by org.testng.reporters.JUnitReportReporter -->
<testsuite hostname="SPT-LPT-0299" failures="0" tests="1" name="com.xem.qa.testcases.example" time="0.125" errors="0" timestamp="20 Jan 2020 12:49:28 GMT" skipped="0">
  <testcase classname="com.xem.qa.testcases.example" name="autoReport" time="0.125"/>
</testsuite> <!-- com.xem.qa.testcases.example -->
